<?xml version="1.0" encoding="UTF-8"?>
<testng-results skipped="0" failed="0" total="1" passed="1">
  <reporter-output>
  </reporter-output>
  <suite name="Suite" duration-ms="10897" started-at="2017-05-15T05:23:24Z" finished-at="2017-05-15T05:23:35Z">
    <groups>
    </groups>
    <test name="Test" duration-ms="10897" started-at="2017-05-15T05:23:24Z" finished-at="2017-05-15T05:23:35Z">
      <class name="apptimizeSample.signUpTest">
        <test-method status="PASS" signature="BeforeTest()[pri:0, instance:apptimizeSample.signUpTest@2a5ca609]" name="BeforeTest" is-config="true" duration-ms="6318" started-at="2017-05-14T22:23:24Z" finished-at="2017-05-14T22:23:30Z">
          <reporter-output>
          </reporter-output>
        </test-method> <!-- BeforeTest -->
        <test-method status="PASS" signature="testLogin(java.lang.String, java.lang.String, java.lang.String, java.lang.String, java.lang.String, java.lang.String, java.lang.String)[pri:0, instance:apptimizeSample.signUpTest@2a5ca609]" name="testLogin" duration-ms="4555" started-at="2017-05-14T22:23:30Z" finished-at="2017-05-14T22:23:35Z">
          <params>
            <param index="0">
              <value>
                <![CDATA[Mohan]]>
              </value>
            </param>
            <param index="1">
              <value>
                <![CDATA[Mukherjee]]>
              </value>
            </param>
            <param index="2">
              <value>
                <![CDATA[12345678]]>
              </value>
            </param>
            <param index="3">
              <value>
                <![CDATA[mmukher1@stevens.edu]]>
              </value>
            </param>
            <param index="4">
              <value>
                <![CDATA[Apptimize Candidate]]>
              </value>
            </param>
            <param index="5">
              <value>
                <![CDATA[201-889-0194]]>
              </value>
            </param>
            <param index="6">
              <value>
                <![CDATA[Software QA Engineer]]>
              </value>
            </param>
          </params>
          <reporter-output>
          </reporter-output>
        </test-method> <!-- testLogin -->
      </class> <!-- apptimizeSample.signUpTest -->
    </test> <!-- Test -->
  </suite> <!-- Suite -->
</testng-results>
